This file contains any messages produced by compilers while
running configure, to aid debugging if configure makes a mistake.

It was created by mcf configure 1.0, which was
generated by GNU Autoconf 2.69.  Invocation command line was

  $ ./configure FC=gfortran MPIFC=mpif90 MPICC=mpicc LDFLAGS=-L/dipc/lsantelli/prefix-mcf/lib/ FCFLAGS=-I/dipc/lsantelli/prefix-mcf/include -g -O2 MAKEDEPF90=/dipc/lsantelli/prefix-mcf/bin/makedepf90

## --------- ##
## Platform. ##
## --------- ##

hostname = atlas-edr-login-01
uname -m = x86_64
uname -r = 3.10.0-693.el7.x86_64
uname -s = Linux
uname -v = #1 SMP Tue Aug 22 21:09:27 UTC 2017

/usr/bin/uname -p = x86_64
/bin/uname -X     = unknown

/bin/arch              = x86_64
/usr/bin/arch -k       = unknown
/usr/convex/getsysinfo = unknown
/usr/bin/hostinfo      = unknown
/bin/machine           = unknown
/usr/bin/oslevel       = unknown
/bin/universe          = unknown

PATH: /scicomp/EasyBuild/CentOS/7.4.1708/Skylake/software/MPICH/3.3.2-GCC-9.3.0-default/bin
PATH: /scicomp/EasyBuild/CentOS/7.4.1708/Skylake/software/Anaconda3/2020.02
PATH: /scicomp/EasyBuild/CentOS/7.4.1708/Skylake/software/Anaconda3/2020.02/sbin
PATH: /scicomp/EasyBuild/CentOS/7.4.1708/Skylake/software/Anaconda3/2020.02/bin
PATH: /scicomp/EasyBuild/CentOS/7.4.1708/Skylake/software/binutils/2.34-GCCcore-9.3.0/bin
PATH: /scicomp/EasyBuild/CentOS/7.4.1708/Skylake/software/GCCcore/9.3.0/bin
PATH: /scicomp/EasyBuild/CentOS/7.4.1708/Skylake/software/Anaconda3/2020.02/condabin
PATH: /usr/local/maui/bin
PATH: /sNow/snow-tools/bin
PATH: /usr/sbin
PATH: /usr/shlib
PATH: /usr/bin
PATH: /usr/bin/X11
PATH: /usr/local/bin
PATH: /dipc/lsantelli/bin
PATH: /usr/local/mpich/f90/bin
PATH: /usr/local/mpich/f90/lib
PATH: /software/maui/bin
PATH: /usr/local/pbs/bin
PATH: /bin
PATH: /usr/local/pbs/sbin
PATH: /usr/local/intel/compiler70/ia32/bin
PATH: /usr/local/intel/compiler70/ia32/lib
PATH: /usr/local/intel/compiler70/ia32/include
PATH: /fsw/free/local/bin
PATH: /fsw/free/gamess/bin
PATH: /software/torque/bin
PATH: /dipc/administracion/admin/scripts
PATH: .
PATH: /opt/ibutils/bin


## ----------- ##
## Core tests. ##
## ----------- ##

configure:2154: checking for a BSD-compatible install
configure:2222: result: /usr/bin/install -c
configure:2233: checking whether build environment is sane
configure:2288: result: yes
configure:2439: checking for a thread-safe mkdir -p
configure:2478: result: /usr/bin/mkdir -p
configure:2485: checking for gawk
configure:2501: found /usr/bin/gawk
configure:2512: result: gawk
configure:2523: checking whether make sets $(MAKE)
configure:2545: result: yes
configure:2574: checking whether make supports nested variables
configure:2591: result: yes
configure:2729: checking for style of include used by make
configure:2757: result: GNU
configure:2828: checking for gcc
configure:2844: found /scicomp/EasyBuild/CentOS/7.4.1708/Skylake/software/GCCcore/9.3.0/bin/gcc
configure:2855: result: gcc
configure:3084: checking for C compiler version
configure:3093: gcc --version >&5
gcc (GCC) 9.3.0
Copyright (C) 2019 Free Software Foundation, Inc.
This is free software; see the source for copying conditions.  There is NO
warranty; not even for MERCHANTABILITY or FITNESS FOR A PARTICULAR PURPOSE.

configure:3104: $? = 0
configure:3093: gcc -v >&5
Using built-in specs.
COLLECT_GCC=gcc
COLLECT_LTO_WRAPPER=/scicomp/EasyBuild/CentOS/7.4.1708/Skylake/software/GCCcore/9.3.0/libexec/gcc/x86_64-pc-linux-gnu/9.3.0/lto-wrapper
Target: x86_64-pc-linux-gnu
Configured with: ../configure --enable-languages=c,c++,fortran --enable-lto --enable-checking=release --disable-multilib --enable-shared=yes --enable-static=yes --enable-threads=posix --enable-plugins --enable-gold=default --enable-ld --with-plugin-ld=ld.gold --prefix=/scicomp/EasyBuild/CentOS/7.4.1708/Skylake/software/GCCcore/9.3.0 --with-local-prefix=/scicomp/EasyBuild/CentOS/7.4.1708/Skylake/software/GCCcore/9.3.0 --enable-bootstrap --with-isl=/scicomp/EasyBuild/CentOS/7.4.1708/Skylake/build/GCCcore/9.3.0/system-system/gcc-9.3.0/stage2_stuff
Thread model: posix
gcc version 9.3.0 (GCC) 
configure:3104: $? = 0
configure:3093: gcc -V >&5
gcc: error: unrecognized command line option '-V'
gcc: fatal error: no input files
compilation terminated.
configure:3104: $? = 1
configure:3093: gcc -qversion >&5
gcc: error: unrecognized command line option '-qversion'; did you mean '--version'?
gcc: fatal error: no input files
compilation terminated.
configure:3104: $? = 1
configure:3124: checking whether the C compiler works
configure:3146: gcc   -L/dipc/lsantelli/prefix-mcf/lib/ conftest.c  >&5
configure:3150: $? = 0
configure:3198: result: yes
configure:3201: checking for C compiler default output file name
configure:3203: result: a.out
configure:3209: checking for suffix of executables
configure:3216: gcc -o conftest   -L/dipc/lsantelli/prefix-mcf/lib/ conftest.c  >&5
configure:3220: $? = 0
configure:3242: result: 
configure:3264: checking whether we are cross compiling
configure:3272: gcc -o conftest   -L/dipc/lsantelli/prefix-mcf/lib/ conftest.c  >&5
configure:3276: $? = 0
configure:3283: ./conftest
configure:3287: $? = 0
configure:3302: result: no
configure:3307: checking for suffix of object files
configure:3329: gcc -c   conftest.c >&5
configure:3333: $? = 0
configure:3354: result: o
configure:3358: checking whether we are using the GNU C compiler
configure:3377: gcc -c   conftest.c >&5
configure:3377: $? = 0
configure:3386: result: yes
configure:3395: checking whether gcc accepts -g
configure:3415: gcc -c -g  conftest.c >&5
configure:3415: $? = 0
configure:3456: result: yes
configure:3473: checking for gcc option to accept ISO C89
configure:3536: gcc  -c -g -O2  conftest.c >&5
configure:3536: $? = 0
configure:3549: result: none needed
configure:3574: checking whether gcc understands -c and -o together
configure:3596: gcc -c conftest.c -o conftest2.o
configure:3599: $? = 0
configure:3596: gcc -c conftest.c -o conftest2.o
configure:3599: $? = 0
configure:3611: result: yes
configure:3630: checking dependency style of gcc
configure:3741: result: none
configure:3766: checking for mpicc
configure:3793: result: mpicc
configure:3811: checking for MPI_Init
configure:3811: mpicc -o conftest -g -O2  -L/dipc/lsantelli/prefix-mcf/lib/ conftest.c  >&5
configure:3811: $? = 0
configure:3811: result: yes
configure:3904: checking for mpi.h
configure:3917: mpicc -c -g -O2  conftest.c >&5
configure:3917: $? = 0
configure:3918: result: yes
configure:4008: checking for g++
configure:4024: found /scicomp/EasyBuild/CentOS/7.4.1708/Skylake/software/GCCcore/9.3.0/bin/g++
configure:4035: result: g++
configure:4062: checking for C++ compiler version
configure:4071: g++ --version >&5
g++ (GCC) 9.3.0
Copyright (C) 2019 Free Software Foundation, Inc.
This is free software; see the source for copying conditions.  There is NO
warranty; not even for MERCHANTABILITY or FITNESS FOR A PARTICULAR PURPOSE.

configure:4082: $? = 0
configure:4071: g++ -v >&5
Using built-in specs.
COLLECT_GCC=g++
COLLECT_LTO_WRAPPER=/scicomp/EasyBuild/CentOS/7.4.1708/Skylake/software/GCCcore/9.3.0/libexec/gcc/x86_64-pc-linux-gnu/9.3.0/lto-wrapper
Target: x86_64-pc-linux-gnu
Configured with: ../configure --enable-languages=c,c++,fortran --enable-lto --enable-checking=release --disable-multilib --enable-shared=yes --enable-static=yes --enable-threads=posix --enable-plugins --enable-gold=default --enable-ld --with-plugin-ld=ld.gold --prefix=/scicomp/EasyBuild/CentOS/7.4.1708/Skylake/software/GCCcore/9.3.0 --with-local-prefix=/scicomp/EasyBuild/CentOS/7.4.1708/Skylake/software/GCCcore/9.3.0 --enable-bootstrap --with-isl=/scicomp/EasyBuild/CentOS/7.4.1708/Skylake/build/GCCcore/9.3.0/system-system/gcc-9.3.0/stage2_stuff
Thread model: posix
gcc version 9.3.0 (GCC) 
configure:4082: $? = 0
configure:4071: g++ -V >&5
g++: error: unrecognized command line option '-V'
g++: fatal error: no input files
compilation terminated.
configure:4082: $? = 1
configure:4071: g++ -qversion >&5
g++: error: unrecognized command line option '-qversion'; did you mean '--version'?
g++: fatal error: no input files
compilation terminated.
configure:4082: $? = 1
configure:4086: checking whether we are using the GNU C++ compiler
configure:4105: g++ -c   conftest.cpp >&5
configure:4105: $? = 0
configure:4114: result: yes
configure:4123: checking whether g++ accepts -g
configure:4143: g++ -c -g  conftest.cpp >&5
configure:4143: $? = 0
configure:4184: result: yes
configure:4209: checking dependency style of g++
configure:4320: result: none
configure:4342: checking for main in -lstdc++
configure:4361: g++ -o conftest -g -O2  -L/dipc/lsantelli/prefix-mcf/lib/ conftest.cpp -lstdc++     >&5
configure:4361: $? = 0
configure:4370: result: yes
configure:4383: checking for main in -lgcc_s
configure:4402: g++ -o conftest -g -O2  -L/dipc/lsantelli/prefix-mcf/lib/ conftest.cpp -lgcc_s  -lstdc++    >&5
configure:4402: $? = 0
configure:4411: result: yes
configure:4435: checking for makedepf90
configure:4463: result: /dipc/lsantelli/prefix-mcf/bin/makedepf90
configure:4582: checking for Fortran compiler version
configure:4591: mpif90 --version >&5
GNU Fortran (GCC) 9.3.0
Copyright (C) 2019 Free Software Foundation, Inc.
This is free software; see the source for copying conditions.  There is NO
warranty; not even for MERCHANTABILITY or FITNESS FOR A PARTICULAR PURPOSE.

configure:4602: $? = 0
configure:4591: mpif90 -v >&5
mpifort for MPICH version 3.3.2
Using built-in specs.
COLLECT_GCC=gfortran
COLLECT_LTO_WRAPPER=/scicomp/EasyBuild/CentOS/7.4.1708/Skylake/software/GCCcore/9.3.0/libexec/gcc/x86_64-pc-linux-gnu/9.3.0/lto-wrapper
Target: x86_64-pc-linux-gnu
Configured with: ../configure --enable-languages=c,c++,fortran --enable-lto --enable-checking=release --disable-multilib --enable-shared=yes --enable-static=yes --enable-threads=posix --enable-plugins --enable-gold=default --enable-ld --with-plugin-ld=ld.gold --prefix=/scicomp/EasyBuild/CentOS/7.4.1708/Skylake/software/GCCcore/9.3.0 --with-local-prefix=/scicomp/EasyBuild/CentOS/7.4.1708/Skylake/software/GCCcore/9.3.0 --enable-bootstrap --with-isl=/scicomp/EasyBuild/CentOS/7.4.1708/Skylake/build/GCCcore/9.3.0/system-system/gcc-9.3.0/stage2_stuff
Thread model: posix
gcc version 9.3.0 (GCC) 
configure:4602: $? = 0
configure:4591: mpif90 -V >&5
gfortran: error: unrecognized command line option '-V'
configure:4602: $? = 1
configure:4591: mpif90 -qversion >&5
gfortran: error: unrecognized command line option '-qversion'; did you mean '--version'?
configure:4602: $? = 1
configure:4611: checking whether we are using the GNU Fortran compiler
configure:4624: mpif90 -c -I/dipc/lsantelli/prefix-mcf/include -g -O2  conftest.F >&5
f951: Warning: Nonexistent include directory '/scicomp/EasyBuild/CentOS/7.4.1708/Skylake/software/MPICH/3.3.2-GCC-9.3.0/include' [-Wmissing-include-dirs]
f951: Warning: Nonexistent include directory '/scicomp/EasyBuild/CentOS/7.4.1708/Skylake/software/MPICH/3.3.2-GCC-9.3.0/include' [-Wmissing-include-dirs]
configure:4624: $? = 0
configure:4633: result: yes
configure:4639: checking whether mpif90 accepts -g
configure:4650: mpif90 -c -g  conftest.f >&5
f951: Warning: Nonexistent include directory '/scicomp/EasyBuild/CentOS/7.4.1708/Skylake/software/MPICH/3.3.2-GCC-9.3.0/include' [-Wmissing-include-dirs]
f951: Warning: Nonexistent include directory '/scicomp/EasyBuild/CentOS/7.4.1708/Skylake/software/MPICH/3.3.2-GCC-9.3.0/include' [-Wmissing-include-dirs]
configure:4650: $? = 0
configure:4658: result: yes
configure:4691: checking for Fortran flag to compile .F90 files
configure:4711: mpif90 -c -I/dipc/lsantelli/prefix-mcf/include -g -O2  conftest.F90 >&5
f951: Warning: Nonexistent include directory '/scicomp/EasyBuild/CentOS/7.4.1708/Skylake/software/MPICH/3.3.2-GCC-9.3.0/include' [-Wmissing-include-dirs]
f951: Warning: Nonexistent include directory '/scicomp/EasyBuild/CentOS/7.4.1708/Skylake/software/MPICH/3.3.2-GCC-9.3.0/include' [-Wmissing-include-dirs]
configure:4711: $? = 0
configure:4720: result: none
configure:4756: checking for dfftw_execute_dft_c2r in -lfftw3
configure:4768: mpif90 -o conftest -I/dipc/lsantelli/prefix-mcf/include -g -O2 -L/dipc/lsantelli/prefix-mcf/lib/  conftest.F90 -lfftw3  -lgcc_s -lstdc++    >&5
f951: Warning: Nonexistent include directory '/scicomp/EasyBuild/CentOS/7.4.1708/Skylake/software/MPICH/3.3.2-GCC-9.3.0/include' [-Wmissing-include-dirs]
f951: Warning: Nonexistent include directory '/scicomp/EasyBuild/CentOS/7.4.1708/Skylake/software/MPICH/3.3.2-GCC-9.3.0/include' [-Wmissing-include-dirs]
configure:4768: $? = 0
configure:4777: result: yes
configure:4792: checking for sfftw_execute_dft_c2r in -lfftw3f
configure:4804: mpif90 -o conftest -I/dipc/lsantelli/prefix-mcf/include -g -O2 -L/dipc/lsantelli/prefix-mcf/lib/  conftest.F90 -lfftw3f  -lfftw3 -lgcc_s -lstdc++    >&5
f951: Warning: Nonexistent include directory '/scicomp/EasyBuild/CentOS/7.4.1708/Skylake/software/MPICH/3.3.2-GCC-9.3.0/include' [-Wmissing-include-dirs]
f951: Warning: Nonexistent include directory '/scicomp/EasyBuild/CentOS/7.4.1708/Skylake/software/MPICH/3.3.2-GCC-9.3.0/include' [-Wmissing-include-dirs]
configure:4804: $? = 0
configure:4813: result: yes
configure:4828: checking for vizing_coloring in -lvizing
configure:4840: mpif90 -o conftest -I/dipc/lsantelli/prefix-mcf/include -g -O2 -L/dipc/lsantelli/prefix-mcf/lib/  conftest.F90 -lvizing  -lfftw3f -lfftw3 -lgcc_s -lstdc++    >&5
f951: Warning: Nonexistent include directory '/scicomp/EasyBuild/CentOS/7.4.1708/Skylake/software/MPICH/3.3.2-GCC-9.3.0/include' [-Wmissing-include-dirs]
f951: Warning: Nonexistent include directory '/scicomp/EasyBuild/CentOS/7.4.1708/Skylake/software/MPICH/3.3.2-GCC-9.3.0/include' [-Wmissing-include-dirs]
configure:4840: $? = 0
configure:4849: result: yes
configure:4863: checking for METIS_WPartGraphRecursive in -lmetis
configure:4875: mpif90 -o conftest -I/dipc/lsantelli/prefix-mcf/include -g -O2 -L/dipc/lsantelli/prefix-mcf/lib/  conftest.F90 -lmetis  -lvizing -lfftw3f -lfftw3 -lgcc_s -lstdc++    >&5
f951: Warning: Nonexistent include directory '/scicomp/EasyBuild/CentOS/7.4.1708/Skylake/software/MPICH/3.3.2-GCC-9.3.0/include' [-Wmissing-include-dirs]
f951: Warning: Nonexistent include directory '/scicomp/EasyBuild/CentOS/7.4.1708/Skylake/software/MPICH/3.3.2-GCC-9.3.0/include' [-Wmissing-include-dirs]
configure:4875: $? = 0
configure:4884: result: yes
configure:4910: mpif90 -o conftest -I/dipc/lsantelli/prefix-mcf/include -g -O2 -L/dipc/lsantelli/prefix-mcf/lib/  conftest.F90 -lppm -lmetis -lvizing -lfftw3f -lfftw3 -lgcc_s -lstdc++    >&5
f951: Warning: Nonexistent include directory '/scicomp/EasyBuild/CentOS/7.4.1708/Skylake/software/MPICH/3.3.2-GCC-9.3.0/include' [-Wmissing-include-dirs]
f951: Warning: Nonexistent include directory '/scicomp/EasyBuild/CentOS/7.4.1708/Skylake/software/MPICH/3.3.2-GCC-9.3.0/include' [-Wmissing-include-dirs]
configure:4910: $? = 0
configure:4911: result: can compile with ppm
configure:5041: checking that generated files are newer than configure
configure:5047: result: done
configure:5074: creating ./config.status

## ---------------------- ##
## Running config.status. ##
## ---------------------- ##

This file was extended by mcf config.status 1.0, which was
generated by GNU Autoconf 2.69.  Invocation command line was

  CONFIG_FILES    = 
  CONFIG_HEADERS  = 
  CONFIG_LINKS    = 
  CONFIG_COMMANDS = 
  $ ./config.status 

on atlas-edr-login-01

config.status:860: creating Makefile
config.status:860: creating src/Makefile
config.status:860: creating config.h
config.status:1041: config.h is unchanged
config.status:1089: executing depfiles commands

## ---------------- ##
## Cache variables. ##
## ---------------- ##

ac_cv_c_compiler_gnu=yes
ac_cv_cxx_compiler_gnu=yes
ac_cv_env_CCC_set=
ac_cv_env_CCC_value=
ac_cv_env_CC_set=
ac_cv_env_CC_value=
ac_cv_env_CFLAGS_set=
ac_cv_env_CFLAGS_value=
ac_cv_env_CPPFLAGS_set=
ac_cv_env_CPPFLAGS_value=
ac_cv_env_CXXFLAGS_set=
ac_cv_env_CXXFLAGS_value=
ac_cv_env_CXX_set=
ac_cv_env_CXX_value=
ac_cv_env_FCFLAGS_set=set
ac_cv_env_FCFLAGS_value='-I/dipc/lsantelli/prefix-mcf/include -g -O2'
ac_cv_env_FC_set=set
ac_cv_env_FC_value=gfortran
ac_cv_env_LDFLAGS_set=set
ac_cv_env_LDFLAGS_value=-L/dipc/lsantelli/prefix-mcf/lib/
ac_cv_env_LIBS_set=
ac_cv_env_LIBS_value=
ac_cv_env_MAKEDEPF90_set=set
ac_cv_env_MAKEDEPF90_value=/dipc/lsantelli/prefix-mcf/bin/makedepf90
ac_cv_env_MPICC_set=set
ac_cv_env_MPICC_value=mpicc
ac_cv_env_build_alias_set=
ac_cv_env_build_alias_value=
ac_cv_env_host_alias_set=
ac_cv_env_host_alias_value=
ac_cv_env_target_alias_set=
ac_cv_env_target_alias_value=
ac_cv_fc_compiler_gnu=yes
ac_cv_fc_srcext_F90=none
ac_cv_func_MPI_Init=yes
ac_cv_lib_fftw3_dfftw_execute_dft_c2r=yes
ac_cv_lib_fftw3f_sfftw_execute_dft_c2r=yes
ac_cv_lib_gcc_s_main=yes
ac_cv_lib_metis_METIS_WPartGraphRecursive=yes
ac_cv_lib_stdcpp_main=yes
ac_cv_lib_vizing_vizing_coloring=yes
ac_cv_objext=o
ac_cv_path_install='/usr/bin/install -c'
ac_cv_path_mkdir=/usr/bin/mkdir
ac_cv_prog_AWK=gawk
ac_cv_prog_MAKEDEPF90=/dipc/lsantelli/prefix-mcf/bin/makedepf90
ac_cv_prog_MPICC=mpicc
ac_cv_prog_ac_ct_CC=gcc
ac_cv_prog_ac_ct_CXX=g++
ac_cv_prog_cc_c89=
ac_cv_prog_cc_g=yes
ac_cv_prog_cxx_g=yes
ac_cv_prog_fc_g=yes
ac_cv_prog_make_make_set=yes
am_cv_CC_dependencies_compiler_type=none
am_cv_CXX_dependencies_compiler_type=none
am_cv_make_support_nested_variables=yes
am_cv_prog_cc_c_o=yes

## ----------------- ##
## Output variables. ##
## ----------------- ##

ACLOCAL='${SHELL} /dipc/lsantelli/MCF-intel-2/MCF-run-3d/mcf/missing aclocal-1.14'
AMDEPBACKSLASH='\'
AMDEP_FALSE='#'
AMDEP_TRUE=''
AMTAR='$${TAR-tar}'
AM_BACKSLASH='\'
AM_DEFAULT_V='$(AM_DEFAULT_VERBOSITY)'
AM_DEFAULT_VERBOSITY='1'
AM_V='$(V)'
AUTOCONF='${SHELL} /dipc/lsantelli/MCF-intel-2/MCF-run-3d/mcf/missing autoconf'
AUTOHEADER='${SHELL} /dipc/lsantelli/MCF-intel-2/MCF-run-3d/mcf/missing autoheader'
AUTOMAKE='${SHELL} /dipc/lsantelli/MCF-intel-2/MCF-run-3d/mcf/missing automake-1.14'
AWK='gawk'
CC='gcc'
CCDEPMODE='depmode=none'
CFLAGS='-g -O2'
CPPFLAGS=''
CXX='g++'
CXXDEPMODE='depmode=none'
CXXFLAGS='-g -O2'
CYGPATH_W='echo'
DEFS='-DHAVE_CONFIG_H'
DEPDIR='.deps'
ECHO_C=''
ECHO_N='-n'
ECHO_T=''
EXEEXT=''
FC='mpif90'
FCFLAGS='-I/dipc/lsantelli/prefix-mcf/include -g -O2'
FCFLAGS_F90=''
INSTALL_DATA='${INSTALL} -m 644'
INSTALL_PROGRAM='${INSTALL}'
INSTALL_SCRIPT='${INSTALL}'
INSTALL_STRIP_PROGRAM='$(install_sh) -c -s'
LDFLAGS='-L/dipc/lsantelli/prefix-mcf/lib/'
LIBOBJS=''
LIBS='-lppm -lmetis -lvizing -lfftw3f -lfftw3 -lgcc_s -lstdc++   '
LTLIBOBJS=''
MAKEDEPF90='/dipc/lsantelli/prefix-mcf/bin/makedepf90'
MAKEINFO='${SHELL} /dipc/lsantelli/MCF-intel-2/MCF-run-3d/mcf/missing makeinfo'
MKDIR_P='/usr/bin/mkdir -p'
MPICC='mpicc'
MPILIBS=' '
OBJEXT='o'
PACKAGE='mcf'
PACKAGE_BUGREPORT='xin.bian@aer.mw.tum.de'
PACKAGE_NAME='mcf'
PACKAGE_STRING='mcf 1.0'
PACKAGE_TARNAME='mcf'
PACKAGE_URL=''
PACKAGE_VERSION='1.0'
PATH_SEPARATOR=':'
SET_MAKE=''
SHELL='/bin/sh'
STRIP=''
VERSION='1.0'
ac_ct_CC='gcc'
ac_ct_CXX='g++'
ac_ct_FC=''
am__EXEEXT_FALSE=''
am__EXEEXT_TRUE='#'
am__fastdepCC_FALSE=''
am__fastdepCC_TRUE='#'
am__fastdepCXX_FALSE=''
am__fastdepCXX_TRUE='#'
am__include='include'
am__isrc=''
am__leading_dot='.'
am__nodep='_no'
am__quote=''
am__tar='$${TAR-tar} chof - "$$tardir"'
am__untar='$${TAR-tar} xf -'
bindir='${exec_prefix}/bin'
build_alias=''
datadir='${datarootdir}'
datarootdir='${prefix}/share'
docdir='${datarootdir}/doc/${PACKAGE_TARNAME}'
dvidir='${docdir}'
exec_prefix='${prefix}'
host_alias=''
htmldir='${docdir}'
includedir='${prefix}/include'
infodir='${datarootdir}/info'
install_sh='${SHELL} /dipc/lsantelli/MCF-intel-2/MCF-run-3d/mcf/install-sh'
libdir='${exec_prefix}/lib'
libexecdir='${exec_prefix}/libexec'
localedir='${datarootdir}/locale'
localstatedir='${prefix}/var'
mandir='${datarootdir}/man'
mkdir_p='$(MKDIR_P)'
oldincludedir='/usr/include'
pdfdir='${docdir}'
prefix='/usr/local'
program_transform_name='s,x,x,'
psdir='${docdir}'
sbindir='${exec_prefix}/sbin'
sharedstatedir='${prefix}/com'
sysconfdir='${prefix}/etc'
target_alias=''

## ----------- ##
## confdefs.h. ##
## ----------- ##

/* confdefs.h */
#define PACKAGE_NAME "mcf"
#define PACKAGE_TARNAME "mcf"
#define PACKAGE_VERSION "1.0"
#define PACKAGE_STRING "mcf 1.0"
#define PACKAGE_BUGREPORT "xin.bian@aer.mw.tum.de"
#define PACKAGE_URL ""
#define PACKAGE "mcf"
#define VERSION "1.0"
#define HAVE_MPI 1
#define HAVE_LIBSTDC__ 1
#define HAVE_LIBGCC_S 1
#define HAVE_LIBFFTW3 1
#define HAVE_LIBFFTW3F 1
#define HAVE_LIBVIZING 1
#define HAVE_LIBMETIS 1

configure: exit 0

## ---------------------- ##
## Running config.status. ##
## ---------------------- ##

This file was extended by mcf config.status 1.0, which was
generated by GNU Autoconf 2.69.  Invocation command line was

  CONFIG_FILES    = 
  CONFIG_HEADERS  = 
  CONFIG_LINKS    = 
  CONFIG_COMMANDS = 
  $ ./config.status src/Makefile

on atlas-edr-login-01

config.status:860: creating src/Makefile

## ---------------------- ##
## Running config.status. ##
## ---------------------- ##

This file was extended by mcf config.status 1.0, which was
generated by GNU Autoconf 2.69.  Invocation command line was

  CONFIG_FILES    = 
  CONFIG_HEADERS  = 
  CONFIG_LINKS    = 
  CONFIG_COMMANDS = 
  $ ./config.status src/Makefile

on atlas-edr-login-02

config.status:860: creating src/Makefile

## ---------------------- ##
## Running config.status. ##
## ---------------------- ##

This file was extended by mcf config.status 1.0, which was
generated by GNU Autoconf 2.69.  Invocation command line was

  CONFIG_FILES    = 
  CONFIG_HEADERS  = 
  CONFIG_LINKS    = 
  CONFIG_COMMANDS = 
  $ ./config.status src/Makefile

on atlas-edr-login-01

config.status:860: creating src/Makefile

## ---------------------- ##
## Running config.status. ##
## ---------------------- ##

This file was extended by mcf config.status 1.0, which was
generated by GNU Autoconf 2.69.  Invocation command line was

  CONFIG_FILES    = 
  CONFIG_HEADERS  = 
  CONFIG_LINKS    = 
  CONFIG_COMMANDS = 
  $ ./config.status src/Makefile

on atlas-edr-login-02

config.status:860: creating src/Makefile
